2024-07-21 19:13:18,757 [Worker-6: Loading available Gradle versions] INFO  o.e.b.c.i.u.g.PublishedGradleVersions - Gradle version information cache is out-of-date. Trying to update.
2024-07-21 19:21:57,464 [ModalContext] INFO  o.e.m.c.i.e.AbstractTransferListenerAdapter - Downloading https://repo.maven.apache.org/maven2/org/apache/maven/archetypes/maven-archetype-webapp/1.0/maven-archetype-webapp-1.0.pom
2024-07-21 19:21:57,474 [ModalContext] INFO  o.e.m.c.i.e.AbstractTransferListenerAdapter - Downloaded https://repo.maven.apache.org/maven2/org/apache/maven/archetypes/maven-archetype-webapp/1.0/maven-archetype-webapp-1.0.pom
2024-07-21 19:21:57,572 [ModalContext] INFO  o.e.m.c.i.e.AbstractTransferListenerAdapter - Downloading https://repo.maven.apache.org/maven2/org/apache/maven/archetypes/maven-archetype-bundles/2/maven-archetype-bundles-2.pom
2024-07-21 19:21:57,576 [ModalContext] INFO  o.e.m.c.i.e.AbstractTransferListenerAdapter - Downloaded https://repo.maven.apache.org/maven2/org/apache/maven/archetypes/maven-archetype-bundles/2/maven-archetype-bundles-2.pom
2024-07-21 19:21:57,655 [ModalContext] INFO  o.e.m.c.i.e.AbstractTransferListenerAdapter - Downloading https://repo.maven.apache.org/maven2/org/apache/maven/archetype/maven-archetype-parent/1/maven-archetype-parent-1.pom
2024-07-21 19:21:57,677 [ModalContext] INFO  o.e.m.c.i.e.AbstractTransferListenerAdapter - Downloaded https://repo.maven.apache.org/maven2/org/apache/maven/archetype/maven-archetype-parent/1/maven-archetype-parent-1.pom
2024-07-21 19:21:57,811 [ModalContext] INFO  o.e.m.c.i.e.AbstractTransferListenerAdapter - Downloading https://repo.maven.apache.org/maven2/org/apache/maven/maven-parent/4/maven-parent-4.pom
2024-07-21 19:21:57,828 [ModalContext] INFO  o.e.m.c.i.e.AbstractTransferListenerAdapter - Downloaded https://repo.maven.apache.org/maven2/org/apache/maven/maven-parent/4/maven-parent-4.pom
2024-07-21 19:21:57,902 [ModalContext] INFO  o.e.m.c.i.e.AbstractTransferListenerAdapter - Downloading https://repo.maven.apache.org/maven2/org/apache/apache/3/apache-3.pom
2024-07-21 19:21:57,914 [ModalContext] INFO  o.e.m.c.i.e.AbstractTransferListenerAdapter - Downloaded https://repo.maven.apache.org/maven2/org/apache/apache/3/apache-3.pom
2024-07-21 19:21:58,075 [ModalContext] INFO  o.e.m.c.i.e.AbstractTransferListenerAdapter - Downloading https://repo.maven.apache.org/maven2/org/apache/maven/archetypes/maven-archetype-webapp/1.0/maven-archetype-webapp-1.0.jar
2024-07-21 19:21:58,080 [ModalContext] INFO  o.e.m.c.i.e.AbstractTransferListenerAdapter - Downloaded https://repo.maven.apache.org/maven2/org/apache/maven/archetypes/maven-archetype-webapp/1.0/maven-archetype-webapp-1.0.jar
2024-07-21 19:22:38,714 [Worker-15: Launching mavenrun-b4e4f1e8-2f65-460c-96b9-35f9881f5298] INFO  o.eclipse.m2e.core.internal.Bundles - getClasspathEntries(Bundle=org.eclipse.m2e.maven.runtime_3.9.700.20240602-2313 [644])
2024-07-21 19:22:38,716 [Worker-15: Launching mavenrun-b4e4f1e8-2f65-460c-96b9-35f9881f5298] INFO  o.eclipse.m2e.core.internal.Bundles - 	Entry: C:\Users\Tejaswini\.p2\pool\plugins\org.eclipse.m2e.maven.runtime_3.9.700.20240602-2313
2024-07-21 19:22:38,716 [Worker-15: Launching mavenrun-b4e4f1e8-2f65-460c-96b9-35f9881f5298] INFO  o.eclipse.m2e.core.internal.Bundles - 	Entry: C:\Users\Tejaswini\.p2\pool\plugins\org.eclipse.m2e.maven.runtime_3.9.700.20240602-2313\jars\aopalliance-1.0.jar
2024-07-21 19:22:38,716 [Worker-15: Launching mavenrun-b4e4f1e8-2f65-460c-96b9-35f9881f5298] INFO  o.eclipse.m2e.core.internal.Bundles - 	Entry: C:\Users\Tejaswini\.p2\pool\plugins\org.eclipse.m2e.maven.runtime_3.9.700.20240602-2313\jars\guice-5.1.0.jar
2024-07-21 19:22:38,716 [Worker-15: Launching mavenrun-b4e4f1e8-2f65-460c-96b9-35f9881f5298] INFO  o.eclipse.m2e.core.internal.Bundles - 	Entry: C:\Users\Tejaswini\.p2\pool\plugins\org.eclipse.m2e.maven.runtime_3.9.700.20240602-2313\jars\httpclient-4.5.14.jar
2024-07-21 19:22:38,716 [Worker-15: Launching mavenrun-b4e4f1e8-2f65-460c-96b9-35f9881f5298] INFO  o.eclipse.m2e.core.internal.Bundles - 	Entry: C:\Users\Tejaswini\.p2\pool\plugins\org.eclipse.m2e.maven.runtime_3.9.700.20240602-2313\jars\httpcore-4.4.16.jar
2024-07-21 19:22:38,717 [Worker-15: Launching mavenrun-b4e4f1e8-2f65-460c-96b9-35f9881f5298] INFO  o.eclipse.m2e.core.internal.Bundles - 	Entry: C:\Users\Tejaswini\.p2\pool\plugins\org.eclipse.m2e.maven.runtime_3.9.700.20240602-2313\jars\jansi-2.4.1.jar
2024-07-21 19:22:38,717 [Worker-15: Launching mavenrun-b4e4f1e8-2f65-460c-96b9-35f9881f5298] INFO  o.eclipse.m2e.core.internal.Bundles - 	Entry: C:\Users\Tejaswini\.p2\pool\plugins\org.eclipse.m2e.maven.runtime_3.9.700.20240602-2313\jars\jcl-over-slf4j-1.7.36.jar
2024-07-21 19:22:38,717 [Worker-15: Launching mavenrun-b4e4f1e8-2f65-460c-96b9-35f9881f5298] INFO  o.eclipse.m2e.core.internal.Bundles - 	Entry: C:\Users\Tejaswini\.p2\pool\plugins\org.eclipse.m2e.maven.runtime_3.9.700.20240602-2313\jars\maven-artifact-3.9.7.jar
2024-07-21 19:22:38,717 [Worker-15: Launching mavenrun-b4e4f1e8-2f65-460c-96b9-35f9881f5298] INFO  o.eclipse.m2e.core.internal.Bundles - 	Entry: C:\Users\Tejaswini\.p2\pool\plugins\org.eclipse.m2e.maven.runtime_3.9.700.20240602-2313\jars\maven-builder-support-3.9.7.jar
2024-07-21 19:22:38,717 [Worker-15: Launching mavenrun-b4e4f1e8-2f65-460c-96b9-35f9881f5298] INFO  o.eclipse.m2e.core.internal.Bundles - 	Entry: C:\Users\Tejaswini\.p2\pool\plugins\org.eclipse.m2e.maven.runtime_3.9.700.20240602-2313\jars\maven-compat-3.9.7.jar
2024-07-21 19:22:38,717 [Worker-15: Launching mavenrun-b4e4f1e8-2f65-460c-96b9-35f9881f5298] INFO  o.eclipse.m2e.core.internal.Bundles - 	Entry: C:\Users\Tejaswini\.p2\pool\plugins\org.eclipse.m2e.maven.runtime_3.9.700.20240602-2313\jars\maven-core-3.9.7.jar
2024-07-21 19:22:38,717 [Worker-15: Launching mavenrun-b4e4f1e8-2f65-460c-96b9-35f9881f5298] INFO  o.eclipse.m2e.core.internal.Bundles - 	Entry: C:\Users\Tejaswini\.p2\pool\plugins\org.eclipse.m2e.maven.runtime_3.9.700.20240602-2313\jars\maven-embedder-3.9.7.jar
2024-07-21 19:22:38,717 [Worker-15: Launching mavenrun-b4e4f1e8-2f65-460c-96b9-35f9881f5298] INFO  o.eclipse.m2e.core.internal.Bundles - 	Entry: C:\Users\Tejaswini\.p2\pool\plugins\org.eclipse.m2e.maven.runtime_3.9.700.20240602-2313\jars\maven-model-3.9.7.jar
2024-07-21 19:22:38,717 [Worker-15: Launching mavenrun-b4e4f1e8-2f65-460c-96b9-35f9881f5298] INFO  o.eclipse.m2e.core.internal.Bundles - 	Entry: C:\Users\Tejaswini\.p2\pool\plugins\org.eclipse.m2e.maven.runtime_3.9.700.20240602-2313\jars\maven-model-builder-3.9.7.jar
2024-07-21 19:22:38,718 [Worker-15: Launching mavenrun-b4e4f1e8-2f65-460c-96b9-35f9881f5298] INFO  o.eclipse.m2e.core.internal.Bundles - 	Entry: C:\Users\Tejaswini\.p2\pool\plugins\org.eclipse.m2e.maven.runtime_3.9.700.20240602-2313\jars\maven-plugin-api-3.9.7.jar
2024-07-21 19:22:38,718 [Worker-15: Launching mavenrun-b4e4f1e8-2f65-460c-96b9-35f9881f5298] INFO  o.eclipse.m2e.core.internal.Bundles - 	Entry: C:\Users\Tejaswini\.p2\pool\plugins\org.eclipse.m2e.maven.runtime_3.9.700.20240602-2313\jars\maven-repository-metadata-3.9.7.jar
2024-07-21 19:22:38,718 [Worker-15: Launching mavenrun-b4e4f1e8-2f65-460c-96b9-35f9881f5298] INFO  o.eclipse.m2e.core.internal.Bundles - 	Entry: C:\Users\Tejaswini\.p2\pool\plugins\org.eclipse.m2e.maven.runtime_3.9.700.20240602-2313\jars\maven-resolver-api-1.9.20.jar
2024-07-21 19:22:38,718 [Worker-15: Launching mavenrun-b4e4f1e8-2f65-460c-96b9-35f9881f5298] INFO  o.eclipse.m2e.core.internal.Bundles - 	Entry: C:\Users\Tejaswini\.p2\pool\plugins\org.eclipse.m2e.maven.runtime_3.9.700.20240602-2313\jars\maven-resolver-connector-basic-1.9.20.jar
2024-07-21 19:22:38,718 [Worker-15: Launching mavenrun-b4e4f1e8-2f65-460c-96b9-35f9881f5298] INFO  o.eclipse.m2e.core.internal.Bundles - 	Entry: C:\Users\Tejaswini\.p2\pool\plugins\org.eclipse.m2e.maven.runtime_3.9.700.20240602-2313\jars\maven-resolver-impl-1.9.20.jar
2024-07-21 19:22:38,718 [Worker-15: Launching mavenrun-b4e4f1e8-2f65-460c-96b9-35f9881f5298] INFO  o.eclipse.m2e.core.internal.Bundles - 	Entry: C:\Users\Tejaswini\.p2\pool\plugins\org.eclipse.m2e.maven.runtime_3.9.700.20240602-2313\jars\maven-resolver-named-locks-1.9.20.jar
2024-07-21 19:22:38,718 [Worker-15: Launching mavenrun-b4e4f1e8-2f65-460c-96b9-35f9881f5298] INFO  o.eclipse.m2e.core.internal.Bundles - 	Entry: C:\Users\Tejaswini\.p2\pool\plugins\org.eclipse.m2e.maven.runtime_3.9.700.20240602-2313\jars\maven-resolver-provider-3.9.7.jar
2024-07-21 19:22:38,718 [Worker-15: Launching mavenrun-b4e4f1e8-2f65-460c-96b9-35f9881f5298] INFO  o.eclipse.m2e.core.internal.Bundles - 	Entry: C:\Users\Tejaswini\.p2\pool\plugins\org.eclipse.m2e.maven.runtime_3.9.700.20240602-2313\jars\maven-resolver-spi-1.9.20.jar
2024-07-21 19:22:38,718 [Worker-15: Launching mavenrun-b4e4f1e8-2f65-460c-96b9-35f9881f5298] INFO  o.eclipse.m2e.core.internal.Bundles - 	Entry: C:\Users\Tejaswini\.p2\pool\plugins\org.eclipse.m2e.maven.runtime_3.9.700.20240602-2313\jars\maven-resolver-transport-file-1.9.20.jar
2024-07-21 19:22:38,718 [Worker-15: Launching mavenrun-b4e4f1e8-2f65-460c-96b9-35f9881f5298] INFO  o.eclipse.m2e.core.internal.Bundles - 	Entry: C:\Users\Tejaswini\.p2\pool\plugins\org.eclipse.m2e.maven.runtime_3.9.700.20240602-2313\jars\maven-resolver-transport-http-1.9.20.jar
2024-07-21 19:22:38,718 [Worker-15: Launching mavenrun-b4e4f1e8-2f65-460c-96b9-35f9881f5298] INFO  o.eclipse.m2e.core.internal.Bundles - 	Entry: C:\Users\Tejaswini\.p2\pool\plugins\org.eclipse.m2e.maven.runtime_3.9.700.20240602-2313\jars\maven-resolver-transport-wagon-1.9.20.jar
2024-07-21 19:22:38,720 [Worker-15: Launching mavenrun-b4e4f1e8-2f65-460c-96b9-35f9881f5298] INFO  o.eclipse.m2e.core.internal.Bundles - 	Entry: C:\Users\Tejaswini\.p2\pool\plugins\org.eclipse.m2e.maven.runtime_3.9.700.20240602-2313\jars\maven-resolver-util-1.9.20.jar
2024-07-21 19:22:38,720 [Worker-15: Launching mavenrun-b4e4f1e8-2f65-460c-96b9-35f9881f5298] INFO  o.eclipse.m2e.core.internal.Bundles - 	Entry: C:\Users\Tejaswini\.p2\pool\plugins\org.eclipse.m2e.maven.runtime_3.9.700.20240602-2313\jars\maven-settings-3.9.7.jar
2024-07-21 19:22:38,720 [Worker-15: Launching mavenrun-b4e4f1e8-2f65-460c-96b9-35f9881f5298] INFO  o.eclipse.m2e.core.internal.Bundles - 	Entry: C:\Users\Tejaswini\.p2\pool\plugins\org.eclipse.m2e.maven.runtime_3.9.700.20240602-2313\jars\maven-settings-builder-3.9.7.jar
2024-07-21 19:22:38,721 [Worker-15: Launching mavenrun-b4e4f1e8-2f65-460c-96b9-35f9881f5298] INFO  o.eclipse.m2e.core.internal.Bundles - 	Entry: C:\Users\Tejaswini\.p2\pool\plugins\org.eclipse.m2e.maven.runtime_3.9.700.20240602-2313\jars\maven-shared-utils-3.4.2.jar
2024-07-21 19:22:38,721 [Worker-15: Launching mavenrun-b4e4f1e8-2f65-460c-96b9-35f9881f5298] INFO  o.eclipse.m2e.core.internal.Bundles - 	Entry: C:\Users\Tejaswini\.p2\pool\plugins\org.eclipse.m2e.maven.runtime_3.9.700.20240602-2313\jars\org.eclipse.sisu.inject-0.9.0.M2.jar
2024-07-21 19:22:38,721 [Worker-15: Launching mavenrun-b4e4f1e8-2f65-460c-96b9-35f9881f5298] INFO  o.eclipse.m2e.core.internal.Bundles - 	Entry: C:\Users\Tejaswini\.p2\pool\plugins\org.eclipse.m2e.maven.runtime_3.9.700.20240602-2313\jars\org.eclipse.sisu.plexus-0.9.0.M2.jar
2024-07-21 19:22:38,721 [Worker-15: Launching mavenrun-b4e4f1e8-2f65-460c-96b9-35f9881f5298] INFO  o.eclipse.m2e.core.internal.Bundles - 	Entry: C:\Users\Tejaswini\.p2\pool\plugins\org.eclipse.m2e.maven.runtime_3.9.700.20240602-2313\jars\plexus-build-api-0.0.7.jar
2024-07-21 19:22:38,721 [Worker-15: Launching mavenrun-b4e4f1e8-2f65-460c-96b9-35f9881f5298] INFO  o.eclipse.m2e.core.internal.Bundles - 	Entry: C:\Users\Tejaswini\.p2\pool\plugins\org.eclipse.m2e.maven.runtime_3.9.700.20240602-2313\jars\plexus-build-api-1.2.0.jar
2024-07-21 19:22:38,721 [Worker-15: Launching mavenrun-b4e4f1e8-2f65-460c-96b9-35f9881f5298] INFO  o.eclipse.m2e.core.internal.Bundles - 	Entry: C:\Users\Tejaswini\.p2\pool\plugins\org.eclipse.m2e.maven.runtime_3.9.700.20240602-2313\jars\plexus-cipher-2.0.jar
2024-07-21 19:22:38,722 [Worker-15: Launching mavenrun-b4e4f1e8-2f65-460c-96b9-35f9881f5298] INFO  o.eclipse.m2e.core.internal.Bundles - 	Entry: C:\Users\Tejaswini\.p2\pool\plugins\org.eclipse.m2e.maven.runtime_3.9.700.20240602-2313\jars\plexus-classworlds-2.8.0.jar
2024-07-21 19:22:38,722 [Worker-15: Launching mavenrun-b4e4f1e8-2f65-460c-96b9-35f9881f5298] INFO  o.eclipse.m2e.core.internal.Bundles - 	Entry: C:\Users\Tejaswini\.p2\pool\plugins\org.eclipse.m2e.maven.runtime_3.9.700.20240602-2313\jars\plexus-component-annotations-2.1.0.jar
2024-07-21 19:22:38,722 [Worker-15: Launching mavenrun-b4e4f1e8-2f65-460c-96b9-35f9881f5298] INFO  o.eclipse.m2e.core.internal.Bundles - 	Entry: C:\Users\Tejaswini\.p2\pool\plugins\org.eclipse.m2e.maven.runtime_3.9.700.20240602-2313\jars\plexus-interpolation-1.27.jar
2024-07-21 19:22:38,722 [Worker-15: Launching mavenrun-b4e4f1e8-2f65-460c-96b9-35f9881f5298] INFO  o.eclipse.m2e.core.internal.Bundles - 	Entry: C:\Users\Tejaswini\.p2\pool\plugins\org.eclipse.m2e.maven.runtime_3.9.700.20240602-2313\jars\plexus-sec-dispatcher-2.0.jar
2024-07-21 19:22:38,723 [Worker-15: Launching mavenrun-b4e4f1e8-2f65-460c-96b9-35f9881f5298] INFO  o.eclipse.m2e.core.internal.Bundles - 	Entry: C:\Users\Tejaswini\.p2\pool\plugins\org.eclipse.m2e.maven.runtime_3.9.700.20240602-2313\jars\plexus-utils-3.5.1.jar
2024-07-21 19:22:38,723 [Worker-15: Launching mavenrun-b4e4f1e8-2f65-460c-96b9-35f9881f5298] INFO  o.eclipse.m2e.core.internal.Bundles - 	Entry: C:\Users\Tejaswini\.p2\pool\plugins\org.eclipse.m2e.maven.runtime_3.9.700.20240602-2313\jars\wagon-file-3.5.3.jar
2024-07-21 19:22:38,723 [Worker-15: Launching mavenrun-b4e4f1e8-2f65-460c-96b9-35f9881f5298] INFO  o.eclipse.m2e.core.internal.Bundles - 	Entry: C:\Users\Tejaswini\.p2\pool\plugins\org.eclipse.m2e.maven.runtime_3.9.700.20240602-2313\jars\wagon-http-3.5.3.jar
2024-07-21 19:22:38,723 [Worker-15: Launching mavenrun-b4e4f1e8-2f65-460c-96b9-35f9881f5298] INFO  o.eclipse.m2e.core.internal.Bundles - 	Entry: C:\Users\Tejaswini\.p2\pool\plugins\org.eclipse.m2e.maven.runtime_3.9.700.20240602-2313\jars\wagon-http-shared-3.5.3.jar
2024-07-21 19:22:38,723 [Worker-15: Launching mavenrun-b4e4f1e8-2f65-460c-96b9-35f9881f5298] INFO  o.eclipse.m2e.core.internal.Bundles - 	Entry: C:\Users\Tejaswini\.p2\pool\plugins\org.eclipse.m2e.maven.runtime_3.9.700.20240602-2313\jars\wagon-provider-api-3.5.3.jar
2024-07-21 19:22:38,725 [Worker-15: Launching mavenrun-b4e4f1e8-2f65-460c-96b9-35f9881f5298] INFO  o.eclipse.m2e.core.internal.Bundles - getClasspathEntries(Bundle=com.google.guava_33.2.0.jre [16])
2024-07-21 19:22:38,726 [Worker-15: Launching mavenrun-b4e4f1e8-2f65-460c-96b9-35f9881f5298] INFO  o.eclipse.m2e.core.internal.Bundles - 	Entry: C:\Users\Tejaswini\.p2\pool\plugins\com.google.guava_33.2.0.jre.jar
2024-07-21 19:22:38,726 [Worker-15: Launching mavenrun-b4e4f1e8-2f65-460c-96b9-35f9881f5298] INFO  o.eclipse.m2e.core.internal.Bundles - getClasspathEntries(Bundle=slf4j.api_2.0.13 [1009])
2024-07-21 19:22:38,726 [Worker-15: Launching mavenrun-b4e4f1e8-2f65-460c-96b9-35f9881f5298] INFO  o.eclipse.m2e.core.internal.Bundles - 	Entry: C:\Users\Tejaswini\.p2\pool\plugins\slf4j.api_2.0.13.jar
2024-07-21 19:22:38,726 [Worker-15: Launching mavenrun-b4e4f1e8-2f65-460c-96b9-35f9881f5298] INFO  o.eclipse.m2e.core.internal.Bundles - getClasspathEntries(Bundle=jakarta.inject.jakarta.inject-api_1.0.5 [33])
2024-07-21 19:22:38,726 [Worker-15: Launching mavenrun-b4e4f1e8-2f65-460c-96b9-35f9881f5298] INFO  o.eclipse.m2e.core.internal.Bundles - 	Entry: C:\Users\Tejaswini\.p2\pool\plugins\jakarta.inject.jakarta.inject-api_1.0.5.jar
2024-07-21 19:22:38,726 [Worker-15: Launching mavenrun-b4e4f1e8-2f65-460c-96b9-35f9881f5298] INFO  o.eclipse.m2e.core.internal.Bundles - getClasspathEntries(Bundle=javax.annotation_1.3.5.v20200909-1856 [44])
2024-07-21 19:22:38,727 [Worker-15: Launching mavenrun-b4e4f1e8-2f65-460c-96b9-35f9881f5298] INFO  o.eclipse.m2e.core.internal.Bundles - 	Entry: C:\Users\Tejaswini\.p2\pool\plugins\javax.annotation_1.3.5.v20200909-1856.jar
2024-07-21 19:22:38,727 [Worker-15: Launching mavenrun-b4e4f1e8-2f65-460c-96b9-35f9881f5298] INFO  o.eclipse.m2e.core.internal.Bundles - getClasspathEntries(Bundle=org.apache.commons.cli_1.8.0 [78])
2024-07-21 19:22:38,727 [Worker-15: Launching mavenrun-b4e4f1e8-2f65-460c-96b9-35f9881f5298] INFO  o.eclipse.m2e.core.internal.Bundles - 	Entry: C:\Users\Tejaswini\.p2\pool\plugins\org.apache.commons.cli_1.8.0.jar
2024-07-21 19:22:38,727 [Worker-15: Launching mavenrun-b4e4f1e8-2f65-460c-96b9-35f9881f5298] INFO  o.eclipse.m2e.core.internal.Bundles - getClasspathEntries(Bundle=org.apache.commons.commons-codec_1.16.0 [81])
2024-07-21 19:22:38,728 [Worker-15: Launching mavenrun-b4e4f1e8-2f65-460c-96b9-35f9881f5298] INFO  o.eclipse.m2e.core.internal.Bundles - 	Entry: C:\Users\Tejaswini\.p2\pool\plugins\org.apache.commons.commons-codec_1.16.0.jar
2024-07-21 19:22:38,728 [Worker-15: Launching mavenrun-b4e4f1e8-2f65-460c-96b9-35f9881f5298] INFO  o.eclipse.m2e.core.internal.Bundles - getClasspathEntries(Bundle=org.apache.commons.lang3_3.14.0 [89])
2024-07-21 19:22:38,728 [Worker-15: Launching mavenrun-b4e4f1e8-2f65-460c-96b9-35f9881f5298] INFO  o.eclipse.m2e.core.internal.Bundles - 	Entry: C:\Users\Tejaswini\.p2\pool\plugins\org.apache.commons.lang3_3.14.0.jar
2024-07-21 19:22:38,728 [Worker-15: Launching mavenrun-b4e4f1e8-2f65-460c-96b9-35f9881f5298] INFO  o.eclipse.m2e.core.internal.Bundles - getClasspathEntries(Bundle=com.google.guava.failureaccess_1.0.2 [17])
2024-07-21 19:22:38,728 [Worker-15: Launching mavenrun-b4e4f1e8-2f65-460c-96b9-35f9881f5298] INFO  o.eclipse.m2e.core.internal.Bundles - 	Entry: C:\Users\Tejaswini\.p2\pool\plugins\com.google.guava.failureaccess_1.0.2.jar
2024-07-21 19:22:38,734 [Worker-15: Launching mavenrun-b4e4f1e8-2f65-460c-96b9-35f9881f5298] INFO  o.e.m.i.launch.MavenLaunchDelegate - Run build in "C:\Users\TEJASW~1\AppData\Local\Temp\m2e-archetypeGenerator4881655428422243060":
2024-07-21 19:22:38,738 [Worker-15: Launching mavenrun-b4e4f1e8-2f65-460c-96b9-35f9881f5298] INFO  o.e.m.i.launch.MavenLaunchDelegate -  mvn  -DarchetypeGroupId=org.apache.maven.archetypes -DarchetypeArtifactId=maven-archetype-webapp -DarchetypeVersion=1.0 -DgroupId=com.springmvc -DartifactId=mvc -Dversion=0.0.1-SNAPSHOT -Dpackage=com.springmvc.mvc -DoutputDirectory=C:\Users\Tejaswini\OneDrive\Documents\notes\java-backend-concepts\spring-concepts\spring-mvc -Dstyle.color=always -U archetype:generate
2024-07-21 19:24:06,851 [Worker-33: Creating maven-archetype-webapp] INFO  o.e.m.c.i.p.ProjectConfigurationManager - Collecting project info '/pom.xml' C:\Users\Tejaswini\OneDrive\Documents\notes\java-backend-concepts\spring-concepts\spring-mvc\mvc\pom.xml
2024-07-21 19:24:07,711 [Worker-33: Creating maven-archetype-webapp] INFO  o.e.m.c.i.e.AbstractTransferListenerAdapter - Downloading https://repo.maven.apache.org/maven2/org/apache/maven/plugins/maven-war-plugin/3.4.0/maven-war-plugin-3.4.0.jar
2024-07-21 19:24:07,841 [Worker-33: Creating maven-archetype-webapp] INFO  o.e.m.c.i.e.AbstractTransferListenerAdapter - Downloaded https://repo.maven.apache.org/maven2/org/apache/maven/plugins/maven-war-plugin/3.4.0/maven-war-plugin-3.4.0.jar
2024-07-21 19:24:08,174 [Worker-33: Creating maven-archetype-webapp] INFO  o.e.m.c.i.l.LifecycleMappingFactory - Using org.maven.ide.eclipse.wtp.WarLifecycleMapping lifecycle mapping for MavenProject: com.springmvc:mvc:0.0.1-SNAPSHOT @ C:\Users\Tejaswini\OneDrive\Documents\notes\java-backend-concepts\spring-concepts\spring-mvc\mvc\pom.xml.
2024-07-21 19:24:08,405 [Worker-33: Creating maven-archetype-webapp] INFO  o.e.m.c.i.e.AbstractTransferListenerAdapter - Downloading https://repo.maven.apache.org/maven2/org/apache/maven/plugins/maven-war-plugin/3.4.0/maven-war-plugin-3.4.0.pom
2024-07-21 19:24:08,407 [Worker-33: Creating maven-archetype-webapp] INFO  o.e.m.c.i.e.AbstractTransferListenerAdapter - Downloaded https://repo.maven.apache.org/maven2/org/apache/maven/plugins/maven-war-plugin/3.4.0/maven-war-plugin-3.4.0.pom
2024-07-21 19:24:08,629 [Worker-33: Creating maven-archetype-webapp] INFO  o.e.m.c.i.e.AbstractTransferListenerAdapter - Downloading https://repo.maven.apache.org/maven2/org/codehaus/plexus/plexus-archiver/4.7.1/plexus-archiver-4.7.1.pom
2024-07-21 19:24:08,633 [Worker-33: Creating maven-archetype-webapp] INFO  o.e.m.c.i.e.AbstractTransferListenerAdapter - Downloaded https://repo.maven.apache.org/maven2/org/codehaus/plexus/plexus-archiver/4.7.1/plexus-archiver-4.7.1.pom
2024-07-21 19:24:08,702 [Worker-33: Creating maven-archetype-webapp] INFO  o.e.m.c.i.e.AbstractTransferListenerAdapter - Downloading https://repo.maven.apache.org/maven2/org/codehaus/plexus/plexus-io/3.4.1/plexus-io-3.4.1.pom
2024-07-21 19:24:08,710 [Worker-33: Creating maven-archetype-webapp] INFO  o.e.m.c.i.e.AbstractTransferListenerAdapter - Downloaded https://repo.maven.apache.org/maven2/org/codehaus/plexus/plexus-io/3.4.1/plexus-io-3.4.1.pom
2024-07-21 19:24:08,758 [Worker-33: Creating maven-archetype-webapp] INFO  o.e.m.c.i.e.AbstractTransferListenerAdapter - Downloading https://repo.maven.apache.org/maven2/org/apache/commons/commons-compress/1.23.0/commons-compress-1.23.0.pom
2024-07-21 19:24:08,797 [Worker-33: Creating maven-archetype-webapp] INFO  o.e.m.c.i.e.AbstractTransferListenerAdapter - Downloaded https://repo.maven.apache.org/maven2/org/apache/commons/commons-compress/1.23.0/commons-compress-1.23.0.pom
2024-07-21 19:24:08,852 [Worker-33: Creating maven-archetype-webapp] INFO  o.e.m.c.i.e.AbstractTransferListenerAdapter - Downloading https://repo.maven.apache.org/maven2/org/apache/commons/commons-parent/56/commons-parent-56.pom
2024-07-21 19:24:08,940 [Worker-33: Creating maven-archetype-webapp] INFO  o.e.m.c.i.e.AbstractTransferListenerAdapter - Downloaded https://repo.maven.apache.org/maven2/org/apache/commons/commons-parent/56/commons-parent-56.pom
2024-07-21 19:24:08,991 [Worker-33: Creating maven-archetype-webapp] INFO  o.e.m.c.i.e.AbstractTransferListenerAdapter - Downloading https://repo.maven.apache.org/maven2/com/github/luben/zstd-jni/1.5.5-2/zstd-jni-1.5.5-2.pom
2024-07-21 19:24:09,169 [Worker-33: Creating maven-archetype-webapp] INFO  o.e.m.c.i.e.AbstractTransferListenerAdapter - Downloaded https://repo.maven.apache.org/maven2/com/github/luben/zstd-jni/1.5.5-2/zstd-jni-1.5.5-2.pom
2024-07-21 19:24:09,241 [Worker-33: Creating maven-archetype-webapp] INFO  o.e.m.c.i.e.AbstractTransferListenerAdapter - Downloading https://repo.maven.apache.org/maven2/org/apache/maven/shared/maven-mapping/3.0.0/maven-mapping-3.0.0.pom
2024-07-21 19:24:09,246 [Worker-33: Creating maven-archetype-webapp] INFO  o.e.m.c.i.e.AbstractTransferListenerAdapter - Downloaded https://repo.maven.apache.org/maven2/org/apache/maven/shared/maven-mapping/3.0.0/maven-mapping-3.0.0.pom
2024-07-21 19:24:09,286 [Worker-33: Creating maven-archetype-webapp] INFO  o.e.m.c.i.e.AbstractTransferListenerAdapter - Downloading https://repo.maven.apache.org/maven2/org/apache/maven/shared/maven-shared-components/22/maven-shared-components-22.pom
2024-07-21 19:24:09,296 [Worker-33: Creating maven-archetype-webapp] INFO  o.e.m.c.i.e.AbstractTransferListenerAdapter - Downloaded https://repo.maven.apache.org/maven2/org/apache/maven/shared/maven-shared-components/22/maven-shared-components-22.pom
2024-07-21 19:24:09,347 [Worker-33: Creating maven-archetype-webapp] INFO  o.e.m.c.i.e.AbstractTransferListenerAdapter - Downloading https://repo.maven.apache.org/maven2/org/apache/maven/maven-parent/27/maven-parent-27.pom
2024-07-21 19:24:09,408 [Worker-33: Creating maven-archetype-webapp] INFO  o.e.m.c.i.e.AbstractTransferListenerAdapter - Downloaded https://repo.maven.apache.org/maven2/org/apache/maven/maven-parent/27/maven-parent-27.pom
2024-07-21 19:24:09,465 [Worker-33: Creating maven-archetype-webapp] INFO  o.e.m.c.i.e.AbstractTransferListenerAdapter - Downloading https://repo.maven.apache.org/maven2/org/apache/apache/17/apache-17.pom
2024-07-21 19:24:09,485 [Worker-33: Creating maven-archetype-webapp] INFO  o.e.m.c.i.e.AbstractTransferListenerAdapter - Downloaded https://repo.maven.apache.org/maven2/org/apache/apache/17/apache-17.pom
2024-07-21 19:24:09,676 [Worker-33: Creating maven-archetype-webapp] INFO  o.e.m.c.i.e.AbstractTransferListenerAdapter - Downloading https://repo.maven.apache.org/maven2/org/codehaus/plexus/plexus-component-annotations/1.5.4/plexus-component-annotations-1.5.4.pom
2024-07-21 19:24:09,679 [Worker-33: Creating maven-archetype-webapp] INFO  o.e.m.c.i.e.AbstractTransferListenerAdapter - Downloaded https://repo.maven.apache.org/maven2/org/codehaus/plexus/plexus-component-annotations/1.5.4/plexus-component-annotations-1.5.4.pom
2024-07-21 19:24:09,748 [Worker-33: Creating maven-archetype-webapp] INFO  o.e.m.c.i.e.AbstractTransferListenerAdapter - Downloading https://repo.maven.apache.org/maven2/org/codehaus/plexus/plexus-containers/1.5.4/plexus-containers-1.5.4.pom
2024-07-21 19:24:09,757 [Worker-33: Creating maven-archetype-webapp] INFO  o.e.m.c.i.e.AbstractTransferListenerAdapter - Downloaded https://repo.maven.apache.org/maven2/org/codehaus/plexus/plexus-containers/1.5.4/plexus-containers-1.5.4.pom
2024-07-21 19:24:09,832 [Worker-33: Creating maven-archetype-webapp] INFO  o.e.m.c.i.e.AbstractTransferListenerAdapter - Downloading https://repo.maven.apache.org/maven2/org/codehaus/plexus/plexus/2.0.5/plexus-2.0.5.pom
2024-07-21 19:24:09,852 [Worker-33: Creating maven-archetype-webapp] INFO  o.e.m.c.i.e.AbstractTransferListenerAdapter - Downloaded https://repo.maven.apache.org/maven2/org/codehaus/plexus/plexus/2.0.5/plexus-2.0.5.pom
2024-07-21 19:24:09,969 [Worker-33: Creating maven-archetype-webapp] INFO  o.e.m.c.i.e.AbstractTransferListenerAdapter - Downloading https://repo.maven.apache.org/maven2/org/codehaus/plexus/plexus-archiver/4.7.1/plexus-archiver-4.7.1.jar
2024-07-21 19:24:10,461 [Worker-33: Creating maven-archetype-webapp] INFO  o.e.m.c.i.e.AbstractTransferListenerAdapter - Downloaded https://repo.maven.apache.org/maven2/org/codehaus/plexus/plexus-archiver/4.7.1/plexus-archiver-4.7.1.jar
2024-07-21 19:24:10,516 [BasicRepositoryConnector-repo.maven.apache.org-0-2] INFO  o.e.m.c.i.e.AbstractTransferListenerAdapter - Downloading https://repo.maven.apache.org/maven2/org/apache/maven/shared/maven-mapping/3.0.0/maven-mapping-3.0.0.jar
2024-07-21 19:24:10,529 [BasicRepositoryConnector-repo.maven.apache.org-0-2] INFO  o.e.m.c.i.e.AbstractTransferListenerAdapter - Downloaded https://repo.maven.apache.org/maven2/org/apache/maven/shared/maven-mapping/3.0.0/maven-mapping-3.0.0.jar
2024-07-21 19:24:10,579 [BasicRepositoryConnector-repo.maven.apache.org-0-2] INFO  o.e.m.c.i.e.AbstractTransferListenerAdapter - Downloading https://repo.maven.apache.org/maven2/org/apache/maven/maven-settings-builder/3.0/maven-settings-builder-3.0.jar
2024-07-21 19:24:10,592 [BasicRepositoryConnector-repo.maven.apache.org-0-1] INFO  o.e.m.c.i.e.AbstractTransferListenerAdapter - Downloading https://repo.maven.apache.org/maven2/com/github/luben/zstd-jni/1.5.5-2/zstd-jni-1.5.5-2.jar
2024-07-21 19:24:10,623 [BasicRepositoryConnector-repo.maven.apache.org-0-4] INFO  o.e.m.c.i.e.AbstractTransferListenerAdapter - Downloading https://repo.maven.apache.org/maven2/org/apache/maven/maven-model/3.0/maven-model-3.0.jar
2024-07-21 19:24:10,664 [BasicRepositoryConnector-repo.maven.apache.org-0-0] INFO  o.e.m.c.i.e.AbstractTransferListenerAdapter - Downloading https://repo.maven.apache.org/maven2/org/apache/commons/commons-compress/1.23.0/commons-compress-1.23.0.jar
2024-07-21 19:24:10,695 [BasicRepositoryConnector-repo.maven.apache.org-0-3] INFO  o.e.m.c.i.e.AbstractTransferListenerAdapter - Downloading https://repo.maven.apache.org/maven2/org/apache/maven/maven-core/3.0/maven-core-3.0.jar
2024-07-21 19:24:10,709 [BasicRepositoryConnector-repo.maven.apache.org-0-2] INFO  o.e.m.c.i.e.AbstractTransferListenerAdapter - Downloaded https://repo.maven.apache.org/maven2/org/apache/maven/maven-settings-builder/3.0/maven-settings-builder-3.0.jar
2024-07-21 19:24:11,387 [BasicRepositoryConnector-repo.maven.apache.org-0-2] INFO  o.e.m.c.i.e.AbstractTransferListenerAdapter - Downloading https://repo.maven.apache.org/maven2/org/apache/maven/maven-artifact/3.0/maven-artifact-3.0.jar
2024-07-21 19:24:11,424 [BasicRepositoryConnector-repo.maven.apache.org-0-2] INFO  o.e.m.c.i.e.AbstractTransferListenerAdapter - Downloaded https://repo.maven.apache.org/maven2/org/apache/maven/maven-artifact/3.0/maven-artifact-3.0.jar
2024-07-21 19:24:11,646 [BasicRepositoryConnector-repo.maven.apache.org-0-2] INFO  o.e.m.c.i.e.AbstractTransferListenerAdapter - Downloading https://repo.maven.apache.org/maven2/org/apache/maven/maven-plugin-api/3.0/maven-plugin-api-3.0.jar
2024-07-21 19:24:12,047 [BasicRepositoryConnector-repo.maven.apache.org-0-4] INFO  o.e.m.c.i.e.AbstractTransferListenerAdapter - Downloaded https://repo.maven.apache.org/maven2/org/apache/maven/maven-model/3.0/maven-model-3.0.jar
2024-07-21 19:24:12,057 [BasicRepositoryConnector-repo.maven.apache.org-0-2] INFO  o.e.m.c.i.e.AbstractTransferListenerAdapter - Downloaded https://repo.maven.apache.org/maven2/org/apache/maven/maven-plugin-api/3.0/maven-plugin-api-3.0.jar
2024-07-21 19:24:12,216 [BasicRepositoryConnector-repo.maven.apache.org-0-4] INFO  o.e.m.c.i.e.AbstractTransferListenerAdapter - Downloading https://repo.maven.apache.org/maven2/org/sonatype/aether/aether-impl/1.7/aether-impl-1.7.jar
2024-07-21 19:24:12,231 [BasicRepositoryConnector-repo.maven.apache.org-0-2] INFO  o.e.m.c.i.e.AbstractTransferListenerAdapter - Downloading https://repo.maven.apache.org/maven2/org/sonatype/aether/aether-spi/1.7/aether-spi-1.7.jar
2024-07-21 19:24:12,282 [BasicRepositoryConnector-repo.maven.apache.org-0-2] INFO  o.e.m.c.i.e.AbstractTransferListenerAdapter - Downloaded https://repo.maven.apache.org/maven2/org/sonatype/aether/aether-spi/1.7/aether-spi-1.7.jar
2024-07-21 19:24:12,497 [BasicRepositoryConnector-repo.maven.apache.org-0-2] INFO  o.e.m.c.i.e.AbstractTransferListenerAdapter - Downloading https://repo.maven.apache.org/maven2/org/sonatype/aether/aether-api/1.7/aether-api-1.7.jar
2024-07-21 19:24:12,903 [BasicRepositoryConnector-repo.maven.apache.org-0-2] INFO  o.e.m.c.i.e.AbstractTransferListenerAdapter - Downloaded https://repo.maven.apache.org/maven2/org/sonatype/aether/aether-api/1.7/aether-api-1.7.jar
2024-07-21 19:24:13,330 [BasicRepositoryConnector-repo.maven.apache.org-0-4] INFO  o.e.m.c.i.e.AbstractTransferListenerAdapter - Downloaded https://repo.maven.apache.org/maven2/org/sonatype/aether/aether-impl/1.7/aether-impl-1.7.jar
2024-07-21 19:24:13,969 [BasicRepositoryConnector-repo.maven.apache.org-0-3] INFO  o.e.m.c.i.e.AbstractTransferListenerAdapter - Downloaded https://repo.maven.apache.org/maven2/org/apache/maven/maven-core/3.0/maven-core-3.0.jar
2024-07-21 19:24:18,121 [BasicRepositoryConnector-repo.maven.apache.org-0-0] INFO  o.e.m.c.i.e.AbstractTransferListenerAdapter - Downloaded https://repo.maven.apache.org/maven2/org/apache/commons/commons-compress/1.23.0/commons-compress-1.23.0.jar
2024-07-21 19:24:26,130 [BasicRepositoryConnector-repo.maven.apache.org-0-1] INFO  o.e.m.c.i.e.AbstractTransferListenerAdapter - Downloaded https://repo.maven.apache.org/maven2/com/github/luben/zstd-jni/1.5.5-2/zstd-jni-1.5.5-2.jar
2024-07-21 19:24:26,389 [Worker-33: Creating maven-archetype-webapp] INFO  o.e.m.j.i.AbstractJavaProjectConfigurator - Adding source folder /mvc/src/main/java
2024-07-21 19:24:26,391 [Worker-33: Creating maven-archetype-webapp] INFO  o.e.m.j.i.AbstractJavaProjectConfigurator - Adding resource folder /mvc/src/main/resources
2024-07-21 19:24:26,392 [Worker-33: Creating maven-archetype-webapp] INFO  o.e.m.j.i.AbstractJavaProjectConfigurator - Adding source folder /mvc/src/test/java
2024-07-21 19:24:26,392 [Worker-33: Creating maven-archetype-webapp] INFO  o.e.m.j.i.AbstractJavaProjectConfigurator - Adding resource folder /mvc/src/test/resources
2024-07-21 19:24:27,526 [Worker-15: Download sources and javadoc] INFO  o.e.m.c.i.e.AbstractTransferListenerAdapter - Downloading https://repo.maven.apache.org/maven2/junit/junit/3.8.1/junit-3.8.1-sources.jar
2024-07-21 19:24:27,708 [Worker-15: Download sources and javadoc] INFO  o.e.m.c.i.e.AbstractTransferListenerAdapter - Downloaded https://repo.maven.apache.org/maven2/junit/junit/3.8.1/junit-3.8.1-sources.jar
2024-07-21 19:24:27,710 [Worker-15: Download sources and javadoc] INFO  o.e.m.j.internal.DownloadSourcesJob - Downloaded sources for junit:junit:3.8.1
2024-07-21 19:24:27,942 [Worker-33: Creating maven-archetype-webapp] INFO  o.e.m.c.i.p.ProjectConfigurationManager - Imported and configured 1 project(s) in 21 sec
2024-07-21 19:24:28,741 [Worker-45: Building] WARN  o.a.m.s.f.DefaultMavenResourcesFiltering - Using platform encoding (UTF-8 actually) to copy filtered resources, i.e. build is platform dependent!
2024-07-21 19:24:28,758 [Worker-45: Building] INFO  o.a.m.s.f.DefaultMavenResourcesFiltering - Copying 0 resource from src\main\resources to target\classes
2024-07-21 19:24:28,764 [Worker-45: Building] WARN  o.a.m.s.f.DefaultMavenResourcesFiltering - Using platform encoding (UTF-8 actually) to copy filtered resources, i.e. build is platform dependent!
2024-07-21 19:24:28,765 [Worker-45: Building] INFO  o.a.m.s.f.DefaultMavenResourcesFiltering - skip non existing resourceDirectory C:\Users\Tejaswini\OneDrive\Documents\notes\java-backend-concepts\spring-concepts\spring-mvc\mvc\src\test\resources
2024-07-21 19:27:43,184 [Worker-40: Building] WARN  o.a.m.s.f.DefaultMavenResourcesFiltering - Using platform encoding (UTF-8 actually) to copy filtered resources, i.e. build is platform dependent!
2024-07-21 19:27:43,189 [Worker-40: Building] INFO  o.a.m.s.f.DefaultMavenResourcesFiltering - Copying 0 resource from src\main\resources to target\classes
2024-07-21 19:27:43,193 [Worker-40: Building] WARN  o.a.m.s.f.DefaultMavenResourcesFiltering - Using platform encoding (UTF-8 actually) to copy filtered resources, i.e. build is platform dependent!
2024-07-21 19:27:43,194 [Worker-40: Building] INFO  o.a.m.s.f.DefaultMavenResourcesFiltering - skip non existing resourceDirectory C:\Users\Tejaswini\OneDrive\Documents\notes\java-backend-concepts\spring-concepts\spring-mvc\mvc\src\test\resources
2024-07-21 19:28:10,476 [Worker-41: Building] WARN  o.a.m.s.f.DefaultMavenResourcesFiltering - Using platform encoding (UTF-8 actually) to copy filtered resources, i.e. build is platform dependent!
2024-07-21 19:28:10,478 [Worker-41: Building] INFO  o.a.m.s.f.DefaultMavenResourcesFiltering - Copying 0 resource from src\main\resources to target\classes
2024-07-21 19:28:10,481 [Worker-41: Building] WARN  o.a.m.s.f.DefaultMavenResourcesFiltering - Using platform encoding (UTF-8 actually) to copy filtered resources, i.e. build is platform dependent!
2024-07-21 19:28:10,482 [Worker-41: Building] INFO  o.a.m.s.f.DefaultMavenResourcesFiltering - skip non existing resourceDirectory C:\Users\Tejaswini\OneDrive\Documents\notes\java-backend-concepts\spring-concepts\spring-mvc\mvc\src\test\resources
2024-07-21 19:28:36,867 [Worker-41: Building] WARN  o.a.m.s.f.DefaultMavenResourcesFiltering - Using platform encoding (UTF-8 actually) to copy filtered resources, i.e. build is platform dependent!
2024-07-21 19:28:36,869 [Worker-41: Building] INFO  o.a.m.s.f.DefaultMavenResourcesFiltering - Copying 0 resource from src\main\resources to target\classes
2024-07-21 19:28:36,872 [Worker-41: Building] WARN  o.a.m.s.f.DefaultMavenResourcesFiltering - Using platform encoding (UTF-8 actually) to copy filtered resources, i.e. build is platform dependent!
2024-07-21 19:28:36,873 [Worker-41: Building] INFO  o.a.m.s.f.DefaultMavenResourcesFiltering - skip non existing resourceDirectory C:\Users\Tejaswini\OneDrive\Documents\notes\java-backend-concepts\spring-concepts\spring-mvc\mvc\src\test\resources
2024-07-21 19:31:21,999 [Worker-44: Building] WARN  o.a.m.s.f.DefaultMavenResourcesFiltering - Using platform encoding (UTF-8 actually) to copy filtered resources, i.e. build is platform dependent!
2024-07-21 19:31:22,002 [Worker-44: Building] INFO  o.a.m.s.f.DefaultMavenResourcesFiltering - Copying 0 resource from src\main\resources to target\classes
2024-07-21 19:31:22,004 [Worker-44: Building] WARN  o.a.m.s.f.DefaultMavenResourcesFiltering - Using platform encoding (UTF-8 actually) to copy filtered resources, i.e. build is platform dependent!
2024-07-21 19:31:22,006 [Worker-44: Building] INFO  o.a.m.s.f.DefaultMavenResourcesFiltering - skip non existing resourceDirectory C:\Users\Tejaswini\OneDrive\Documents\notes\java-backend-concepts\spring-concepts\spring-mvc\mvc\src\test\resources
2024-07-21 19:34:03,371 [Worker-45: Building] WARN  o.a.m.s.f.DefaultMavenResourcesFiltering - Using platform encoding (UTF-8 actually) to copy filtered resources, i.e. build is platform dependent!
2024-07-21 19:34:03,373 [Worker-45: Building] INFO  o.a.m.s.f.DefaultMavenResourcesFiltering - Copying 0 resource from src\main\resources to target\classes
2024-07-21 19:34:03,376 [Worker-45: Building] WARN  o.a.m.s.f.DefaultMavenResourcesFiltering - Using platform encoding (UTF-8 actually) to copy filtered resources, i.e. build is platform dependent!
2024-07-21 19:34:03,377 [Worker-45: Building] INFO  o.a.m.s.f.DefaultMavenResourcesFiltering - skip non existing resourceDirectory C:\Users\Tejaswini\OneDrive\Documents\notes\java-backend-concepts\spring-concepts\spring-mvc\mvc\src\test\resources
2024-07-21 19:34:05,949 [Worker-47: Building] WARN  o.a.m.s.f.DefaultMavenResourcesFiltering - Using platform encoding (UTF-8 actually) to copy filtered resources, i.e. build is platform dependent!
2024-07-21 19:34:05,950 [Worker-47: Building] INFO  o.a.m.s.f.DefaultMavenResourcesFiltering - Copying 0 resource from src\main\resources to target\classes
2024-07-21 19:34:05,952 [Worker-47: Building] WARN  o.a.m.s.f.DefaultMavenResourcesFiltering - Using platform encoding (UTF-8 actually) to copy filtered resources, i.e. build is platform dependent!
2024-07-21 19:34:05,952 [Worker-47: Building] INFO  o.a.m.s.f.DefaultMavenResourcesFiltering - skip non existing resourceDirectory C:\Users\Tejaswini\OneDrive\Documents\notes\java-backend-concepts\spring-concepts\spring-mvc\mvc\src\test\resources
2024-07-21 19:35:11,954 [Worker-15: Building] INFO  o.e.m.c.i.l.LifecycleMappingFactory - Using org.maven.ide.eclipse.wtp.WarLifecycleMapping lifecycle mapping for MavenProject: com.springmvc:mvc:0.0.1-SNAPSHOT @ C:\Users\Tejaswini\OneDrive\Documents\notes\java-backend-concepts\spring-concepts\spring-mvc\mvc\pom.xml.
2024-07-21 19:35:12,011 [Worker-15: Building] INFO  o.e.m.c.i.e.AbstractTransferListenerAdapter - Downloading https://repo.maven.apache.org/maven2/org/springframework/spring-webmvc/5.3.9/spring-webmvc-5.3.9.pom
2024-07-21 19:35:12,016 [Worker-15: Building] INFO  o.e.m.c.i.e.AbstractTransferListenerAdapter - Downloaded https://repo.maven.apache.org/maven2/org/springframework/spring-webmvc/5.3.9/spring-webmvc-5.3.9.pom
2024-07-21 19:35:12,037 [Worker-15: Building] INFO  o.e.m.c.i.e.AbstractTransferListenerAdapter - Downloading https://repo.maven.apache.org/maven2/org/springframework/spring-aop/5.3.9/spring-aop-5.3.9.pom
2024-07-21 19:35:12,041 [Worker-15: Building] INFO  o.e.m.c.i.e.AbstractTransferListenerAdapter - Downloaded https://repo.maven.apache.org/maven2/org/springframework/spring-aop/5.3.9/spring-aop-5.3.9.pom
2024-07-21 19:35:12,054 [Worker-15: Building] INFO  o.e.m.c.i.e.AbstractTransferListenerAdapter - Downloading https://repo.maven.apache.org/maven2/org/springframework/spring-beans/5.3.9/spring-beans-5.3.9.pom
2024-07-21 19:35:12,058 [Worker-15: Building] INFO  o.e.m.c.i.e.AbstractTransferListenerAdapter - Downloaded https://repo.maven.apache.org/maven2/org/springframework/spring-beans/5.3.9/spring-beans-5.3.9.pom
2024-07-21 19:35:12,074 [Worker-15: Building] INFO  o.e.m.c.i.e.AbstractTransferListenerAdapter - Downloading https://repo.maven.apache.org/maven2/org/springframework/spring-core/5.3.9/spring-core-5.3.9.pom
2024-07-21 19:35:12,078 [Worker-15: Building] INFO  o.e.m.c.i.e.AbstractTransferListenerAdapter - Downloaded https://repo.maven.apache.org/maven2/org/springframework/spring-core/5.3.9/spring-core-5.3.9.pom
2024-07-21 19:35:12,099 [Worker-15: Building] INFO  o.e.m.c.i.e.AbstractTransferListenerAdapter - Downloading https://repo.maven.apache.org/maven2/org/springframework/spring-jcl/5.3.9/spring-jcl-5.3.9.pom
2024-07-21 19:35:12,103 [Worker-15: Building] INFO  o.e.m.c.i.e.AbstractTransferListenerAdapter - Downloaded https://repo.maven.apache.org/maven2/org/springframework/spring-jcl/5.3.9/spring-jcl-5.3.9.pom
2024-07-21 19:35:12,120 [Worker-15: Building] INFO  o.e.m.c.i.e.AbstractTransferListenerAdapter - Downloading https://repo.maven.apache.org/maven2/org/springframework/spring-context/5.3.9/spring-context-5.3.9.pom
2024-07-21 19:35:12,124 [Worker-15: Building] INFO  o.e.m.c.i.e.AbstractTransferListenerAdapter - Downloaded https://repo.maven.apache.org/maven2/org/springframework/spring-context/5.3.9/spring-context-5.3.9.pom
2024-07-21 19:35:12,141 [Worker-15: Building] INFO  o.e.m.c.i.e.AbstractTransferListenerAdapter - Downloading https://repo.maven.apache.org/maven2/org/springframework/spring-expression/5.3.9/spring-expression-5.3.9.pom
2024-07-21 19:35:12,145 [Worker-15: Building] INFO  o.e.m.c.i.e.AbstractTransferListenerAdapter - Downloaded https://repo.maven.apache.org/maven2/org/springframework/spring-expression/5.3.9/spring-expression-5.3.9.pom
2024-07-21 19:35:12,168 [Worker-15: Building] INFO  o.e.m.c.i.e.AbstractTransferListenerAdapter - Downloading https://repo.maven.apache.org/maven2/org/springframework/spring-web/5.3.9/spring-web-5.3.9.pom
2024-07-21 19:35:12,171 [Worker-15: Building] INFO  o.e.m.c.i.e.AbstractTransferListenerAdapter - Downloaded https://repo.maven.apache.org/maven2/org/springframework/spring-web/5.3.9/spring-web-5.3.9.pom
2024-07-21 19:35:12,204 [Worker-15: Building] INFO  o.e.m.c.i.e.AbstractTransferListenerAdapter - Downloading https://repo.maven.apache.org/maven2/org/springframework/spring-webmvc/5.3.9/spring-webmvc-5.3.9.jar
2024-07-21 19:35:12,390 [Worker-15: Building] INFO  o.e.m.c.i.e.AbstractTransferListenerAdapter - Downloaded https://repo.maven.apache.org/maven2/org/springframework/spring-webmvc/5.3.9/spring-webmvc-5.3.9.jar
2024-07-21 19:35:12,397 [BasicRepositoryConnector-repo.maven.apache.org-1-4] INFO  o.e.m.c.i.e.AbstractTransferListenerAdapter - Downloading https://repo.maven.apache.org/maven2/org/springframework/spring-jcl/5.3.9/spring-jcl-5.3.9.jar
2024-07-21 19:35:12,407 [BasicRepositoryConnector-repo.maven.apache.org-1-4] INFO  o.e.m.c.i.e.AbstractTransferListenerAdapter - Downloaded https://repo.maven.apache.org/maven2/org/springframework/spring-jcl/5.3.9/spring-jcl-5.3.9.jar
2024-07-21 19:35:12,428 [BasicRepositoryConnector-repo.maven.apache.org-1-1] INFO  o.e.m.c.i.e.AbstractTransferListenerAdapter - Downloading https://repo.maven.apache.org/maven2/org/springframework/spring-beans/5.3.9/spring-beans-5.3.9.jar
2024-07-21 19:35:12,428 [BasicRepositoryConnector-repo.maven.apache.org-1-2] INFO  o.e.m.c.i.e.AbstractTransferListenerAdapter - Downloading https://repo.maven.apache.org/maven2/org/springframework/spring-context/5.3.9/spring-context-5.3.9.jar
2024-07-21 19:35:12,433 [BasicRepositoryConnector-repo.maven.apache.org-1-4] INFO  o.e.m.c.i.e.AbstractTransferListenerAdapter - Downloading https://repo.maven.apache.org/maven2/org/springframework/spring-expression/5.3.9/spring-expression-5.3.9.jar
2024-07-21 19:35:12,434 [BasicRepositoryConnector-repo.maven.apache.org-1-0] INFO  o.e.m.c.i.e.AbstractTransferListenerAdapter - Downloading https://repo.maven.apache.org/maven2/org/springframework/spring-aop/5.3.9/spring-aop-5.3.9.jar
2024-07-21 19:35:12,434 [BasicRepositoryConnector-repo.maven.apache.org-1-3] INFO  o.e.m.c.i.e.AbstractTransferListenerAdapter - Downloading https://repo.maven.apache.org/maven2/org/springframework/spring-core/5.3.9/spring-core-5.3.9.jar
2024-07-21 19:35:12,590 [BasicRepositoryConnector-repo.maven.apache.org-1-4] INFO  o.e.m.c.i.e.AbstractTransferListenerAdapter - Downloaded https://repo.maven.apache.org/maven2/org/springframework/spring-expression/5.3.9/spring-expression-5.3.9.jar
2024-07-21 19:35:12,599 [BasicRepositoryConnector-repo.maven.apache.org-1-4] INFO  o.e.m.c.i.e.AbstractTransferListenerAdapter - Downloading https://repo.maven.apache.org/maven2/org/springframework/spring-web/5.3.9/spring-web-5.3.9.jar
2024-07-21 19:35:12,769 [BasicRepositoryConnector-repo.maven.apache.org-1-0] INFO  o.e.m.c.i.e.AbstractTransferListenerAdapter - Downloaded https://repo.maven.apache.org/maven2/org/springframework/spring-aop/5.3.9/spring-aop-5.3.9.jar
2024-07-21 19:35:12,868 [BasicRepositoryConnector-repo.maven.apache.org-1-1] INFO  o.e.m.c.i.e.AbstractTransferListenerAdapter - Downloaded https://repo.maven.apache.org/maven2/org/springframework/spring-beans/5.3.9/spring-beans-5.3.9.jar
2024-07-21 19:35:13,063 [BasicRepositoryConnector-repo.maven.apache.org-1-3] INFO  o.e.m.c.i.e.AbstractTransferListenerAdapter - Downloaded https://repo.maven.apache.org/maven2/org/springframework/spring-core/5.3.9/spring-core-5.3.9.jar
2024-07-21 19:35:13,226 [BasicRepositoryConnector-repo.maven.apache.org-1-2] INFO  o.e.m.c.i.e.AbstractTransferListenerAdapter - Downloaded https://repo.maven.apache.org/maven2/org/springframework/spring-context/5.3.9/spring-context-5.3.9.jar
2024-07-21 19:35:13,318 [BasicRepositoryConnector-repo.maven.apache.org-1-4] INFO  o.e.m.c.i.e.AbstractTransferListenerAdapter - Downloaded https://repo.maven.apache.org/maven2/org/springframework/spring-web/5.3.9/spring-web-5.3.9.jar
2024-07-21 19:35:14,088 [Worker-15: Building] WARN  o.a.m.s.f.DefaultMavenResourcesFiltering - Using platform encoding (UTF-8 actually) to copy filtered resources, i.e. build is platform dependent!
2024-07-21 19:35:14,091 [Worker-15: Building] INFO  o.a.m.s.f.DefaultMavenResourcesFiltering - Copying 0 resource from src\main\resources to target\classes
2024-07-21 19:35:14,094 [Worker-15: Building] WARN  o.a.m.s.f.DefaultMavenResourcesFiltering - Using platform encoding (UTF-8 actually) to copy filtered resources, i.e. build is platform dependent!
2024-07-21 19:35:14,095 [Worker-15: Building] INFO  o.a.m.s.f.DefaultMavenResourcesFiltering - skip non existing resourceDirectory C:\Users\Tejaswini\OneDrive\Documents\notes\java-backend-concepts\spring-concepts\spring-mvc\mvc\src\test\resources
2024-07-21 19:35:14,096 [Worker-15: Building] INFO  o.e.m.w.i.f.ResourceFilteringBuildParticipant - Changed resources require a complete clean of filtered resources of mvc
2024-07-21 19:35:14,096 [Worker-15: Building] INFO  o.e.m.w.i.f.ResourceFilteringBuildParticipant - Executing resource filtering for mvc
2024-07-21 19:35:15,068 [Worker-50: Download sources and javadoc] INFO  o.e.m.c.i.e.AbstractTransferListenerAdapter - Downloading https://repo.maven.apache.org/maven2/org/springframework/spring-webmvc/5.3.9/spring-webmvc-5.3.9-sources.jar
2024-07-21 19:35:15,121 [Worker-50: Download sources and javadoc] INFO  o.e.m.c.i.e.AbstractTransferListenerAdapter - Downloaded https://repo.maven.apache.org/maven2/org/springframework/spring-webmvc/5.3.9/spring-webmvc-5.3.9-sources.jar
2024-07-21 19:35:15,125 [Worker-50: Download sources and javadoc] INFO  o.e.m.j.internal.DownloadSourcesJob - Downloaded sources for org.springframework:spring-webmvc:5.3.9
2024-07-21 19:35:15,152 [Worker-50: Download sources and javadoc] INFO  o.e.m.c.i.e.AbstractTransferListenerAdapter - Downloading https://repo.maven.apache.org/maven2/org/springframework/spring-aop/5.3.9/spring-aop-5.3.9-sources.jar
2024-07-21 19:35:15,185 [Worker-50: Download sources and javadoc] INFO  o.e.m.c.i.e.AbstractTransferListenerAdapter - Downloaded https://repo.maven.apache.org/maven2/org/springframework/spring-aop/5.3.9/spring-aop-5.3.9-sources.jar
2024-07-21 19:35:15,188 [Worker-50: Download sources and javadoc] INFO  o.e.m.j.internal.DownloadSourcesJob - Downloaded sources for org.springframework:spring-aop:5.3.9
2024-07-21 19:35:15,222 [Worker-50: Download sources and javadoc] INFO  o.e.m.c.i.e.AbstractTransferListenerAdapter - Downloading https://repo.maven.apache.org/maven2/org/springframework/spring-beans/5.3.9/spring-beans-5.3.9-sources.jar
2024-07-21 19:35:15,284 [Worker-50: Download sources and javadoc] INFO  o.e.m.c.i.e.AbstractTransferListenerAdapter - Downloaded https://repo.maven.apache.org/maven2/org/springframework/spring-beans/5.3.9/spring-beans-5.3.9-sources.jar
2024-07-21 19:35:15,287 [Worker-50: Download sources and javadoc] INFO  o.e.m.j.internal.DownloadSourcesJob - Downloaded sources for org.springframework:spring-beans:5.3.9
2024-07-21 19:35:15,317 [Worker-50: Download sources and javadoc] INFO  o.e.m.c.i.e.AbstractTransferListenerAdapter - Downloading https://repo.maven.apache.org/maven2/org/springframework/spring-context/5.3.9/spring-context-5.3.9-sources.jar
2024-07-21 19:35:15,393 [Worker-50: Download sources and javadoc] INFO  o.e.m.c.i.e.AbstractTransferListenerAdapter - Downloaded https://repo.maven.apache.org/maven2/org/springframework/spring-context/5.3.9/spring-context-5.3.9-sources.jar
2024-07-21 19:35:15,396 [Worker-50: Download sources and javadoc] INFO  o.e.m.j.internal.DownloadSourcesJob - Downloaded sources for org.springframework:spring-context:5.3.9
2024-07-21 19:35:15,415 [Worker-50: Download sources and javadoc] INFO  o.e.m.c.i.e.AbstractTransferListenerAdapter - Downloading https://repo.maven.apache.org/maven2/org/springframework/spring-core/5.3.9/spring-core-5.3.9-sources.jar
2024-07-21 19:35:15,731 [Worker-50: Download sources and javadoc] INFO  o.e.m.c.i.e.AbstractTransferListenerAdapter - Downloaded https://repo.maven.apache.org/maven2/org/springframework/spring-core/5.3.9/spring-core-5.3.9-sources.jar
2024-07-21 19:35:15,733 [Worker-50: Download sources and javadoc] INFO  o.e.m.j.internal.DownloadSourcesJob - Downloaded sources for org.springframework:spring-core:5.3.9
2024-07-21 19:35:15,764 [Worker-50: Download sources and javadoc] INFO  o.e.m.c.i.e.AbstractTransferListenerAdapter - Downloading https://repo.maven.apache.org/maven2/org/springframework/spring-jcl/5.3.9/spring-jcl-5.3.9-sources.jar
2024-07-21 19:35:15,765 [Worker-50: Download sources and javadoc] INFO  o.e.m.c.i.e.AbstractTransferListenerAdapter - Downloaded https://repo.maven.apache.org/maven2/org/springframework/spring-jcl/5.3.9/spring-jcl-5.3.9-sources.jar
2024-07-21 19:35:15,768 [Worker-50: Download sources and javadoc] INFO  o.e.m.j.internal.DownloadSourcesJob - Downloaded sources for org.springframework:spring-jcl:5.3.9
2024-07-21 19:35:15,785 [Worker-50: Download sources and javadoc] INFO  o.e.m.c.i.e.AbstractTransferListenerAdapter - Downloading https://repo.maven.apache.org/maven2/org/springframework/spring-expression/5.3.9/spring-expression-5.3.9-sources.jar
2024-07-21 19:35:15,808 [Worker-50: Download sources and javadoc] INFO  o.e.m.c.i.e.AbstractTransferListenerAdapter - Downloaded https://repo.maven.apache.org/maven2/org/springframework/spring-expression/5.3.9/spring-expression-5.3.9-sources.jar
2024-07-21 19:35:15,810 [Worker-50: Download sources and javadoc] INFO  o.e.m.j.internal.DownloadSourcesJob - Downloaded sources for org.springframework:spring-expression:5.3.9
2024-07-21 19:35:15,826 [Worker-50: Download sources and javadoc] INFO  o.e.m.c.i.e.AbstractTransferListenerAdapter - Downloading https://repo.maven.apache.org/maven2/org/springframework/spring-web/5.3.9/spring-web-5.3.9-sources.jar
2024-07-21 19:35:15,916 [Worker-50: Download sources and javadoc] INFO  o.e.m.c.i.e.AbstractTransferListenerAdapter - Downloaded https://repo.maven.apache.org/maven2/org/springframework/spring-web/5.3.9/spring-web-5.3.9-sources.jar
2024-07-21 19:35:15,918 [Worker-50: Download sources and javadoc] INFO  o.e.m.j.internal.DownloadSourcesJob - Downloaded sources for org.springframework:spring-web:5.3.9
2024-07-21 19:39:24,157 [Worker-58: Building] WARN  o.a.m.s.f.DefaultMavenResourcesFiltering - Using platform encoding (UTF-8 actually) to copy filtered resources, i.e. build is platform dependent!
2024-07-21 19:39:24,160 [Worker-58: Building] INFO  o.a.m.s.f.DefaultMavenResourcesFiltering - Copying 0 resource from src\main\resources to target\classes
2024-07-21 19:39:24,163 [Worker-58: Building] WARN  o.a.m.s.f.DefaultMavenResourcesFiltering - Using platform encoding (UTF-8 actually) to copy filtered resources, i.e. build is platform dependent!
2024-07-21 19:39:24,164 [Worker-58: Building] INFO  o.a.m.s.f.DefaultMavenResourcesFiltering - skip non existing resourceDirectory C:\Users\Tejaswini\OneDrive\Documents\notes\java-backend-concepts\spring-concepts\spring-mvc\mvc\src\test\resources
2024-07-21 19:39:31,900 [Worker-55: Building] INFO  o.e.m.c.i.l.LifecycleMappingFactory - Using org.maven.ide.eclipse.wtp.WarLifecycleMapping lifecycle mapping for MavenProject: com.springmvc:mvc:0.0.1-SNAPSHOT @ C:\Users\Tejaswini\OneDrive\Documents\notes\java-backend-concepts\spring-concepts\spring-mvc\mvc\pom.xml.
2024-07-21 19:39:32,744 [Worker-55: Building] WARN  o.a.m.s.f.DefaultMavenResourcesFiltering - Using platform encoding (UTF-8 actually) to copy filtered resources, i.e. build is platform dependent!
2024-07-21 19:39:32,747 [Worker-55: Building] INFO  o.a.m.s.f.DefaultMavenResourcesFiltering - Copying 0 resource from src\main\resources to target\classes
2024-07-21 19:39:32,753 [Worker-55: Building] WARN  o.a.m.s.f.DefaultMavenResourcesFiltering - Using platform encoding (UTF-8 actually) to copy filtered resources, i.e. build is platform dependent!
2024-07-21 19:39:32,754 [Worker-55: Building] INFO  o.a.m.s.f.DefaultMavenResourcesFiltering - skip non existing resourceDirectory C:\Users\Tejaswini\OneDrive\Documents\notes\java-backend-concepts\spring-concepts\spring-mvc\mvc\src\test\resources
2024-07-21 19:39:32,754 [Worker-55: Building] INFO  o.e.m.w.i.f.ResourceFilteringBuildParticipant - Changed resources require a complete clean of filtered resources of mvc
2024-07-21 19:39:32,754 [Worker-55: Building] INFO  o.e.m.w.i.f.ResourceFilteringBuildParticipant - Executing resource filtering for mvc
2024-07-27 21:42:44,213 [Worker-7: Loading available Gradle versions] INFO  o.e.b.c.i.u.g.PublishedGradleVersions - Gradle version information cache is out-of-date. Trying to update.
2024-07-27 21:42:47,530 [Worker-3: Building] WARN  o.a.m.s.f.DefaultMavenResourcesFiltering - Using platform encoding (UTF-8 actually) to copy filtered resources, i.e. build is platform dependent!
2024-07-27 21:42:47,535 [Worker-3: Building] INFO  o.a.m.s.f.DefaultMavenResourcesFiltering - Copying 0 resource from src\main\resources to target\classes
2024-07-27 21:42:47,541 [Worker-3: Building] WARN  o.a.m.s.f.DefaultMavenResourcesFiltering - Using platform encoding (UTF-8 actually) to copy filtered resources, i.e. build is platform dependent!
2024-07-27 21:42:47,542 [Worker-3: Building] INFO  o.a.m.s.f.DefaultMavenResourcesFiltering - skip non existing resourceDirectory C:\Users\Tejaswini\OneDrive\Documents\notes\java-backend-concepts\spring-concepts\spring-mvc\mvc\src\test\resources
2024-07-27 21:46:43,294 [Worker-38: Building] WARN  o.a.m.s.f.DefaultMavenResourcesFiltering - Using platform encoding (UTF-8 actually) to copy filtered resources, i.e. build is platform dependent!
2024-07-27 21:46:43,298 [Worker-38: Building] INFO  o.a.m.s.f.DefaultMavenResourcesFiltering - Copying 0 resource from src\main\resources to target\classes
2024-07-27 21:46:43,301 [Worker-38: Building] WARN  o.a.m.s.f.DefaultMavenResourcesFiltering - Using platform encoding (UTF-8 actually) to copy filtered resources, i.e. build is platform dependent!
2024-07-27 21:46:43,302 [Worker-38: Building] INFO  o.a.m.s.f.DefaultMavenResourcesFiltering - skip non existing resourceDirectory C:\Users\Tejaswini\OneDrive\Documents\notes\java-backend-concepts\spring-concepts\spring-mvc\mvc\src\test\resources
2024-07-27 21:46:49,628 [Worker-38: Building] WARN  o.a.m.s.f.DefaultMavenResourcesFiltering - Using platform encoding (UTF-8 actually) to copy filtered resources, i.e. build is platform dependent!
2024-07-27 21:46:49,631 [Worker-38: Building] INFO  o.a.m.s.f.DefaultMavenResourcesFiltering - Copying 0 resource from src\main\resources to target\classes
2024-07-27 21:46:49,635 [Worker-38: Building] WARN  o.a.m.s.f.DefaultMavenResourcesFiltering - Using platform encoding (UTF-8 actually) to copy filtered resources, i.e. build is platform dependent!
2024-07-27 21:46:49,636 [Worker-38: Building] INFO  o.a.m.s.f.DefaultMavenResourcesFiltering - skip non existing resourceDirectory C:\Users\Tejaswini\OneDrive\Documents\notes\java-backend-concepts\spring-concepts\spring-mvc\mvc\src\test\resources
2024-07-28 00:32:37,558 [Worker-6: Loading available Gradle versions] INFO  o.e.b.c.i.u.g.PublishedGradleVersions - Gradle version information cache is up-to-date. Trying to read.
